* EXAMPLE: Size-limited TMPDIR folder example ...
TMPDIR: /scratch/676494.1.short.q/fuse_tmpdir.Jm7bIr.TMPDIR
Available size and current usage of the TMPDIR folder:
Filesystem                                                  Size Used Available Use% Mounted on
/scratch/676494.1.short.q/fuse_tmpdir.mYs5EX.TMPDIR.ext4   1007M 2.5M      954M   1% /scratch/676494.1.short.q/fuse_tmpdir.Jm7bIr.TMPDIR
Creating a tempory directory:
Writing the current date to a 'now' file in the temporary directory:
Wed Nov 13 14:52:25 PST 2024
Creating a 0.5 GiB file in the temporary directory:
Filesystem                                                  Size Used Available Use% Mounted on
/scratch/676494.1.short.q/fuse_tmpdir.mYs5EX.TMPDIR.ext4   1007M 514M      442M  54% /scratch/676494.1.short.q/fuse_tmpdir.Jm7bIr.TMPDIR
Creating an even larger file, resulting in a 'No space left on device' error:
dd: error writing '/scratch/676494.1.short.q/fuse_tmpdir.Jm7bIr.TMPDIR/tmp.RLPlZhlIaj/huge': No space left on device
Filesystem                                                  Size Used Available Use% Mounted on
/scratch/676494.1.short.q/fuse_tmpdir.mYs5EX.TMPDIR.ext4   1007M 956M       52K 100% /scratch/676494.1.short.q/fuse_tmpdir.Jm7bIr.TMPDIR
* EXAMPLE: Size-limited TMPDIR folder example ... DONE

==============================================================
 End of Job Summary
==============================================================
job_number:                 676494
exec_file:                  job_scripts/676494
submission_time:            Wed Nov 13 14:51:31 2024
owner:                      hb
uid:                        34002
group:                      cbi
gid:                        34001
sge_o_home:                 /wynton/home/cbi/hb
sge_o_log_name:             hb
sge_o_path:                 /wynton/home/cbi/hb/.yarn/bin:/wynton/home/cbi/hb/.config/yarn/global/node_modules/.bin:/wynton/home/cbi/hb/bin:/wynton/home/cbi/shared/software/CBI/_rocky8/JAGS-4.3.2/bin:/wynton/home/cbi/shared/software/CBI/gsl-2.8/bin:/wynton/home/cbi/hb/repositories/easycatfs/bin:/wynton/home/cbi/shared/software/CBI/wynton-tools-0.4.0/bin:/wynton/home/cbi/hb/repositories/UCSF-CBI/rstudio-server-controller/bin:/wynton/home/cbi/shared/software/CBI/rstudio-server-2024.09.1-394/bin:/opt/rh/gcc-toolset-13/root/usr/bin:/wynton/home/cbi/shared/software/CBI/_rocky8/R-4.4.2-gcc13/bin:/usr/lib64/openmpi/bin:/wynton/home/cbi/shared/software/CBI/quarto-1.5.57/bin:/wynton/home/cbi/shared/software/CBI/pandoc-3.5/bin:/wynton/home/cbi/shared/software/CBI/pdfcrop-1.42:/wynton/home/cbi/shared/software/CBI/port4me-0.7.1/bin:/wynton/home/cbi/shared/software/CBI/shellcheck-0.10.0:/wynton/home/cbi/shared/software/CBI/git-flow-1.12.3/bin:/wynton/home/cbi/shared/software/CBI/_rocky8/htop-3.3.0/bin:/wynton/home/cbi/shared/software/CBI/_rocky8/emacs-29.4/bin:/wynton/home/cbi/shared/software/CBI/fzf-0.56.1/bin:/wynton/home/cbi/shared/software/CBI/bat-0.24.0:/wynton/home/cbi/shared/software/CBI/byobu-5.133/bin:/wynton/home/cbi/shared/software/CBI/tmux-2.8/bin:/wynton/home/cbi/shared/software/CBI/mosh-1.4.0/bin:/wynton/home/cbi/hb/apps/local/bin:/wynton/home/cbi/hb/.local/bin:/opt/sge/bin:/opt/sge/bin/lx-amd64:/usr/local/bin:/usr/bin:/usr/local/sbin:/usr/sbin:/wynton/home/cbi/shared/software/CBI/fzf-0.55.0/bin
sge_o_shell:                /bin/bash
sge_o_workdir:              /wynton/home/cbi/hb/repositories/ucsf-wynton/wynton-demo
sge_o_host:                 dev3
account:                    sge
cwd:                        /wynton/home/cbi/hb/repositories/ucsf-wynton/wynton-demo
merge:                      y
hard resource_list:         h_rt=300,scratch=1G
mail_list:                  henrik.bengtsson+wynton-sge@gmail.com;hb
notify:                     TRUE
job_name:                   fuse-tmpdir.sh
jobshare:                   0
hard_queue_list:            !*gpu.q
shell_list:                 NONE:/bin/bash
env_list:                   TERM=NONE
script_file:                ./fuse-tmpdir.sh
project:                    bengtssonlab
binding:                    NONE
job_type:                   NONE
usage         1:            cpu=00:00:00, mem=0.00397 GB s, io=2.01294 GB, vmem=15.715M, maxvmem=20.539M
binding       1:            NONE
scheduling info:            (Collecting of scheduler job information is turned off)
